0 info it worked if it ends with ok
1 verbose cli [ '/Users/leko/.anyenv/envs/ndenv/versions/v6.1.0/bin/node',
1 verbose cli   '/Users/leko/.anyenv/envs/ndenv/versions/v6.1.0/bin/npm',
1 verbose cli   'run',
1 verbose cli   'develop' ]
2 info using npm@3.8.6
3 info using node@v6.1.0
4 verbose run-script [ 'predevelop', 'develop', 'postdevelop' ]
5 info lifecycle webegg@1.0.0~predevelop: webegg@1.0.0
6 silly lifecycle webegg@1.0.0~predevelop: no script for predevelop, continuing
7 info lifecycle webegg@1.0.0~develop: webegg@1.0.0
8 verbose lifecycle webegg@1.0.0~develop: unsafe-perm in lifecycle true
9 verbose lifecycle webegg@1.0.0~develop: PATH: /Users/leko/.anyenv/envs/ndenv/versions/v6.1.0/lib/node_modules/npm/bin/node-gyp-bin:/Users/leko/Downloads/webegg/node_modules/.bin:/Users/leko/.anyenv/envs/ndenv/versions/v6.1.0/bin:/Users/leko/.anyenv/envs/ndenv/versions/v6.1.0/bin:/Users/leko/.anyenv/envs/ndenv/libexec:/Users/leko/.anyenv/envs/ndenv/plugins/node-build/bin:/Users/leko/Downloads/webegg/vendor/bundle/ruby/2.3.0/bin:/Users/leko/.anyenv/envs/rbenv/versions/2.3.1/bin:/Users/leko/.anyenv/envs/rbenv/libexec:/Users/leko/.anyenv/envs/rbenv/plugins/ruby-build/bin:/Users/leko/.composer/vendor/bin:/Users/leko/.anyenv/envs/rbenv/shims:/Users/leko/.anyenv/envs/rbenv/bin:/Users/leko/.anyenv/envs/pyenv/shims:/Users/leko/.anyenv/envs/pyenv/bin:/Users/leko/.anyenv/envs/phpenv/shims:/Users/leko/.anyenv/envs/phpenv/bin:/Users/leko/.anyenv/envs/ndenv/shims:/Users/leko/.anyenv/envs/ndenv/bin:/Users/leko/.anyenv/envs/goenv/shims:/Users/leko/.anyenv/envs/goenv/bin:/Users/leko/.anyenv/bin:/usr/local/opt/git/share/git-core/contrib/diff-highlight:/usr/local/bin:/usr/local/sbin:/usr/bin:/bin:/usr/sbin:/sbin:/Users/leko/.anyenv/envs/ndenv/versions/v6.1.0/bin:/Users/leko/go/bin
10 verbose lifecycle webegg@1.0.0~develop: CWD: /Users/leko/Downloads/webegg
11 silly lifecycle webegg@1.0.0~develop: Args: [ '-c',
11 silly lifecycle   'webpack --config ./webpack.config.dev.js --watch -d --progress --colors' ]
12 silly lifecycle webegg@1.0.0~develop: Returned: code: 1  signal: null
13 info lifecycle webegg@1.0.0~develop: Failed to exec develop script
14 verbose stack Error: webegg@1.0.0 develop: `webpack --config ./webpack.config.dev.js --watch -d --progress --colors`
14 verbose stack Exit status 1
14 verbose stack     at EventEmitter.<anonymous> (/Users/leko/.anyenv/envs/ndenv/versions/v6.1.0/lib/node_modules/npm/lib/utils/lifecycle.js:239:16)
14 verbose stack     at emitTwo (events.js:106:13)
14 verbose stack     at EventEmitter.emit (events.js:191:7)
14 verbose stack     at ChildProcess.<anonymous> (/Users/leko/.anyenv/envs/ndenv/versions/v6.1.0/lib/node_modules/npm/lib/utils/spawn.js:24:14)
14 verbose stack     at emitTwo (events.js:106:13)
14 verbose stack     at ChildProcess.emit (events.js:191:7)
14 verbose stack     at maybeClose (internal/child_process.js:850:16)
14 verbose stack     at Process.ChildProcess._handle.onexit (internal/child_process.js:215:5)
15 verbose pkgid webegg@1.0.0
16 verbose cwd /Users/leko/Downloads/webegg
17 error Darwin 16.6.0
18 error argv "/Users/leko/.anyenv/envs/ndenv/versions/v6.1.0/bin/node" "/Users/leko/.anyenv/envs/ndenv/versions/v6.1.0/bin/npm" "run" "develop"
19 error node v6.1.0
20 error npm  v3.8.6
21 error code ELIFECYCLE
22 error webegg@1.0.0 develop: `webpack --config ./webpack.config.dev.js --watch -d --progress --colors`
22 error Exit status 1
23 error Failed at the webegg@1.0.0 develop script 'webpack --config ./webpack.config.dev.js --watch -d --progress --colors'.
23 error Make sure you have the latest version of node.js and npm installed.
23 error If you do, this is most likely a problem with the webegg package,
23 error not with npm itself.
23 error Tell the author that this fails on your system:
23 error     webpack --config ./webpack.config.dev.js --watch -d --progress --colors
23 error You can get information on how to open an issue for this project with:
23 error     npm bugs webegg
23 error Or if that isn't available, you can get their info via:
23 error     npm owner ls webegg
23 error There is likely additional logging output above.
24 verbose exit [ 1, true ]
